<?xml version="1.0" encoding="UTF-8"?>
<testsuite name="myProject.DataSourceFactoryTest" tests="1" skipped="0" failures="0" errors="0" timestamp="2015-03-21T20:39:43" hostname="Lighthouse" time="0.01">
  <properties/>
  <testcase name="testDataSourceFactoryReturnsConnection" classname="myProject.DataSourceFactoryTest" time="0.01"/>
  <system-out><![CDATA[]]></system-out>
  <system-err><![CDATA[]]></system-err>
</testsuite>
